#
# There is insufficient memory for the Java Runtime Environment to continue.
# Native memory allocation (malloc) failed to allocate 865136 bytes for Chunk::new
# Possible reasons:
#   The system is out of physical RAM or swap space
#   In 32 bit mode, the process size limit was hit
# Possible solutions:
#   Reduce memory load on the system
#   Increase physical memory or swap space
#   Check if swap backing store is full
#   Use 64 bit Java on a 64 bit OS
#   Decrease Java heap size (-Xmx/-Xms)
#   Decrease number of Java threads
#   Decrease Java thread stack sizes (-Xss)
#   Set larger code cache with -XX:ReservedCodeCacheSize=
# This output file may be truncated or incomplete.
#
#  Out of Memory Error (allocation.cpp:390), pid=15508, tid=0x0000000000001a3c
#
# JRE version: OpenJDK Runtime Environment (8.0_152-b01) (build 1.8.0_152-release-1248-b01)
# Java VM: OpenJDK 64-Bit Server VM (25.152-b01 mixed mode windows-amd64 compressed oops)
# Failed to write core dump. Minidumps are not enabled by default on client versions of Windows
#

---------------  T H R E A D  ---------------

Current thread (0x0000000016f8c000):  JavaThread "C2 CompilerThread1" daemon [_thread_in_native, id=6716, stack(0x00000000189e0000,0x0000000018ae0000)]

Stack: [0x00000000189e0000,0x0000000018ae0000]
[error occurred during error reporting (printing stack bounds), id 0xc0000005]

Native frames: (J=compiled Java code, j=interpreted, Vv=VM code, C=native code)


Current CompileTask:
C2:2478630 18647       4       com.android.tools.r8.dex.DexParser::parseCodeItem (484 bytes)


---------------  P R O C E S S  ---------------

Java Threads: ( => current thread )
  0x00000000199fe800 JavaThread "ForkJoinPool-50-worker-0" daemon [_thread_in_vm, id=15392, stack(0x000000002eac0000,0x000000002ebc0000)]
  0x00000000199fd800 JavaThread "ForkJoinPool-50-worker-3" daemon [_thread_blocked, id=2496, stack(0x000000002e9c0000,0x000000002eac0000)]
  0x00000000199fd000 JavaThread "ForkJoinPool-50-worker-2" daemon [_thread_blocked, id=18392, stack(0x000000002e8c0000,0x000000002e9c0000)]
  0x00000000199fc000 JavaThread "ForkJoinPool-50-worker-1" daemon [_thread_blocked, id=11216, stack(0x000000002e7c0000,0x000000002e8c0000)]
  0x00000000199f9000 JavaThread "ForkJoinPool.commonPool-worker-1" daemon [_thread_blocked, id=8744, stack(0x000000002e6c0000,0x000000002e7c0000)]
  0x00000000199f8800 JavaThread "ForkJoinPool.commonPool-worker-0" daemon [_thread_blocked, id=15160, stack(0x000000002e5c0000,0x000000002e6c0000)]
  0x00000000199f1800 JavaThread "Cache worker for Java compile cache (D:\trainingDemo\.gradle\4.6\javaCompile)" [_thread_blocked, id=20352, stack(0x000000002e3c0000,0x000000002e4c0000)]
  0x00000000199f5800 JavaThread "RMI TCP Connection(idle)" daemon [_thread_blocked, id=9652, stack(0x000000002e2c0000,0x000000002e3c0000)]
  0x00000000199f4000 JavaThread "RMI Reaper" [_thread_blocked, id=18092, stack(0x000000002e1c0000,0x000000002e2c0000)]
  0x00000000199f4800 JavaThread "RMI TCP Accept-0" daemon [_thread_in_native, id=19372, stack(0x000000002e0c0000,0x000000002e1c0000)]
  0x00000000199f2800 JavaThread "GC Daemon" daemon [_thread_blocked, id=4684, stack(0x000000002dfc0000,0x000000002e0c0000)]
  0x000000001c2db000 JavaThread "RMI Scheduler(0)" daemon [_thread_blocked, id=12612, stack(0x000000002ddc0000,0x000000002dec0000)]
  0x000000001991b000 JavaThread "stdout" [_thread_in_native, id=14264, stack(0x000000002dbc0000,0x000000002dcc0000)]
  0x000000001991a800 JavaThread "stderr" [_thread_in_native, id=20048, stack(0x000000002dac0000,0x000000002dbc0000)]
  0x0000000019912800 JavaThread "pool-15-thread-1" [_thread_blocked, id=19228, stack(0x000000002d9c0000,0x000000002dac0000)]
  0x0000000019919800 JavaThread "Task worker for ':' Thread 3" [_thread_blocked, id=14592, stack(0x000000002d8c0000,0x000000002d9c0000)]
  0x0000000019914000 JavaThread "Task worker for ':' Thread 2" [_thread_blocked, id=16024, stack(0x000000002d7c0000,0x000000002d8c0000)]
  0x0000000019919000 JavaThread "Task worker for ':'" [_thread_blocked, id=18372, stack(0x000000002d6c0000,0x000000002d7c0000)]
  0x0000000019915000 JavaThread "Cache worker for Build Output Cleanup Cache (D:\trainingDemo\.gradle\buildOutputCleanup)" [_thread_blocked, id=11296, stack(0x000000002d5c0000,0x000000002d6c0000)]
  0x0000000019916800 JavaThread "Cache worker for task history cache (D:\trainingDemo\.gradle\4.6\taskHistory)" [_thread_blocked, id=17716, stack(0x000000002d4c0000,0x000000002d5c0000)]
  0x000000001990f000 JavaThread "Cache worker for file content cache (D:\trainingDemo\.gradle\4.6\fileContent)" [_thread_blocked, id=19668, stack(0x000000002d3c0000,0x000000002d4c0000)]
  0x000000001f4b5000 JavaThread "Build operations Thread 4" [_thread_blocked, id=18120, stack(0x000000002d2c0000,0x000000002d3c0000)]
  0x000000001f4b6000 JavaThread "Build operations Thread 3" [_thread_blocked, id=10260, stack(0x000000002d1c0000,0x000000002d2c0000)]
  0x000000001f4b7800 JavaThread "Build operations Thread 2" [_thread_blocked, id=8184, stack(0x000000002d0c0000,0x000000002d1c0000)]
  0x000000001f4b3800 JavaThread "Build operations" [_thread_blocked, id=13656, stack(0x000000002cfc0000,0x000000002d0c0000)]
  0x000000001f4b4800 JavaThread "Cache worker for Artifact transforms cache (C:\Users\缇涓藉\.gradle\caches\transforms-1)" [_thread_blocked, id=9112, stack(0x000000002cec0000,0x000000002cfc0000)]
  0x000000001f4ac000 JavaThread "Cache worker for file hash cache (D:\trainingDemo\.gradle\4.6\fileHashes)" [_thread_blocked, id=19916, stack(0x000000002cdc0000,0x000000002cec0000)]
  0x000000001f4b3000 JavaThread "Stdin handler" [_thread_blocked, id=9392, stack(0x000000002ccc0000,0x000000002cdc0000)]
  0x000000001f4b2000 JavaThread "Asynchronous log dispatcher for DefaultDaemonConnection: socket connection from /127.0.0.1:58772 to /127.0.0.1:53444" [_thread_blocked, id=13368, stack(0x000000002cbc0000,0x000000002ccc0000)]
  0x000000001f4ad800 JavaThread "Cancel handler" [_thread_blocked, id=19748, stack(0x000000002cac0000,0x000000002cbc0000)]
  0x000000001f4b0800 JavaThread "Handler for socket connection from /127.0.0.1:58772 to /127.0.0.1:53444" [_thread_in_native, id=19684, stack(0x000000002c9c0000,0x000000002cac0000)]
  0x0000000019917000 JavaThread "Daemon worker Thread 3" [_thread_blocked, id=9852, stack(0x000000002a7c0000,0x000000002a8c0000)]
  0x000000001c2d7800 JavaThread "Daemon Thread 3" [_thread_blocked, id=3428, stack(0x000000002a4c0000,0x000000002a5c0000)]
  0x0000000019910800 JavaThread "Memory manager" [_thread_blocked, id=19032, stack(0x0000000022110000,0x0000000022210000)]
  0x0000000019911000 JavaThread "pool-1-thread-1" [_thread_blocked, id=19968, stack(0x0000000021e10000,0x0000000021f10000)]
  0x00000000183df000 JavaThread "File lock request listener" [_thread_in_native, id=8548, stack(0x000000001c530000,0x000000001c630000)]
  0x00000000195e0800 JavaThread "Cache worker for file hash cache (C:\Users\缇涓藉\.gradle\caches\4.6\fileHashes)" [_thread_blocked, id=12512, stack(0x000000001c430000,0x000000001c530000)]
  0x00000000185a8000 JavaThread "Daemon periodic checks" [_thread_blocked, id=6284, stack(0x000000001a960000,0x000000001aa60000)]
  0x0000000019cd8800 JavaThread "Incoming local TCP Connector on port 58772" [_thread_in_native, id=17672, stack(0x000000001a7b0000,0x000000001a8b0000)]
  0x0000000018360800 JavaThread "Service Thread" daemon [_thread_blocked, id=18624, stack(0x0000000018be0000,0x0000000018ce0000)]
  0x0000000018302000 JavaThread "C1 CompilerThread2" daemon [_thread_blocked, id=18840, stack(0x0000000018ae0000,0x0000000018be0000)]
=>0x0000000016f8c000 JavaThread "C2 CompilerThread1" daemon [_thread_in_native, id=6716, stack(0x00000000189e0000,0x0000000018ae0000)]
  0x0000000016f3e000 JavaThread "C2 CompilerThread0" daemon [_thread_in_native, id=2708, stack(0x00000000188e0000,0x00000000189e0000)]
  0x0000000016f89000 JavaThread "Attach Listener" daemon [_thread_blocked, id=20092, stack(0x00000000187e0000,0x00000000188e0000)]
  0x00000000182e8800 JavaThread "Signal Dispatcher" daemon [_thread_blocked, id=10148, stack(0x00000000186e0000,0x00000000187e0000)]
  0x0000000016f19800 JavaThread "Finalizer" daemon [_thread_blocked, id=20240, stack(0x0000000018180000,0x0000000018280000)]
  0x00000000035af800 JavaThread "Reference Handler" daemon [_thread_blocked, id=12568, stack(0x0000000018080000,0x0000000018180000)]
  0x0000000002f6d800 JavaThread "main" [_thread_blocked, id=19308, stack(0x00000000033c0000,0x00000000034c0000)]

Other Threads:
  0x0000000016ef7800 VMThread [stack: 0x0000000017f80000,0x0000000018080000] [id=12516]
  0x0000000018363800 WatcherThread [stack: 0x0000000018ce0000,0x0000000018de0000] [id=12780]

VM state:not at safepoint (normal execution)

VM Mutex/Monitor currently owned by a thread: None

Heap:
 PSYoungGen      total 278016K, used 89469K [0x00000000e0000000, 0x00000000f3c00000, 0x0000000100000000)
  eden space 264192K, 33% used [0x00000000e0000000,0x00000000e575f400,0x00000000f0200000)
  from space 13824K, 0% used [0x00000000f2200000,0x00000000f2200000,0x00000000f2f80000)
  to   space 29696K, 0% used [0x00000000f0200000,0x00000000f0200000,0x00000000f1f00000)
 ParOldGen       total 96256K, used 76330K [0x00000000a0000000, 0x00000000a5e00000, 0x00000000e0000000)
  object space 96256K, 79% used [0x00000000a0000000,0x00000000a4a8aaf8,0x00000000a5e00000)
 Metaspace       used 91297K, capacity 95127K, committed 96512K, reserved 1132544K
  class space    used 11693K, capacity 12501K, committed 12800K, reserved 1048576K

Card table byte_map: [0x0000000012980000,0x0000000012c90000] byte_map_base: 0x0000000012480000

Marking Bits: (ParMarkBitMap*) 0x0000000057c45aa0
 Begin Bits: [0x0000000013290000, 0x0000000014a90000)
 End Bits:   [0x0000000014a90000, 0x0000000016290000)

Polling page: 0x0000000002ed0000

CodeCache: size=245760Kb used=52327Kb max_used=53722Kb free=193432Kb
 bounds [0x00000000035c0000, 0x0000000006ac0000, 0x00000000125c0000]
 total_blobs=16184 nmethods=15312 adapters=783
 compilation: enabled

Compilation events (10 events):
Event: 2478.058 Thread 0x0000000018302000 18742       2       com.android.tools.r8.code.AddFloat2Addr::<init> (7 bytes)
Event: 2478.058 Thread 0x0000000018302000 nmethod 18742 0x00000000055984d0 code [0x0000000005598620, 0x00000000055987d0]
Event: 2478.066 Thread 0x0000000018302000 18744       2       com.android.tools.r8.code.AndIntLit8::<init> (7 bytes)
Event: 2478.066 Thread 0x0000000018302000 nmethod 18744 0x00000000038ac290 code [0x00000000038ac400, 0x00000000038ac698]
Event: 2478.099 Thread 0x0000000018302000 18746       2       java.util.Arrays::hashCode (44 bytes)
Event: 2478.099 Thread 0x0000000018302000 nmethod 18746 0x0000000006002950 code [0x0000000006002aa0, 0x0000000006002c70]
Event: 2478.103 Thread 0x0000000018302000 18747       2       com.android.tools.r8.code.SwitchPayload::<init> (7 bytes)
Event: 2478.104 Thread 0x0000000018302000 nmethod 18747 0x0000000005fa1010 code [0x0000000005fa1160, 0x0000000005fa12f0]
Event: 2478.111 Thread 0x0000000018302000 18748       2       com.android.tools.r8.code.PackedSwitchPayload::hashCode (40 bytes)
Event: 2478.111 Thread 0x0000000018302000 nmethod 18748 0x0000000005fa0b90 code [0x0000000005fa0d00, 0x0000000005fa0f08]

GC Heap History (10 events):
Event: 503.600 GC heap before
{Heap before GC invocations=20 (full 3):
 PSYoungGen      total 263680K, used 255907K [0x00000000e0000000, 0x00000000f1180000, 0x0000000100000000)
  eden space 247296K, 100% used [0x00000000e0000000,0x00000000ef180000,0x00000000ef180000)
  from space 16384K, 52% used [0x00000000f0180000,0x00000000f09e8ea8,0x00000000f1180000)
  to   space 16384K, 0% used [0x00000000ef180000,0x00000000ef180000,0x00000000f0180000)
 ParOldGen       total 96256K, used 58650K [0x00000000a0000000, 0x00000000a5e00000, 0x00000000e0000000)
  object space 96256K, 60% used [0x00000000a0000000,0x00000000a3946908,0x00000000a5e00000)
 Metaspace       used 73010K, capacity 75968K, committed 76160K, reserved 1116160K
  class space    used 9590K, capacity 10264K, committed 10368K, reserved 1048576K
Event: 503.638 GC heap after
Heap after GC invocations=20 (full 3):
 PSYoungGen      total 263680K, used 5398K [0x00000000e0000000, 0x00000000f3f00000, 0x0000000100000000)
  eden space 247296K, 0% used [0x00000000e0000000,0x00000000e0000000,0x00000000ef180000)
  from space 16384K, 32% used [0x00000000ef180000,0x00000000ef6c5a08,0x00000000f0180000)
  to   space 16384K, 0% used [0x00000000f2f00000,0x00000000f2f00000,0x00000000f3f00000)
 ParOldGen       total 96256K, used 61090K [0x00000000a0000000, 0x00000000a5e00000, 0x00000000e0000000)
  object space 96256K, 63% used [0x00000000a0000000,0x00000000a3ba8a18,0x00000000a5e00000)
 Metaspace       used 73010K, capacity 75968K, committed 76160K, reserved 1116160K
  class space    used 9590K, capacity 10264K, committed 10368K, reserved 1048576K
}
Event: 2375.307 GC heap before
{Heap before GC invocations=21 (full 3):
 PSYoungGen      total 263680K, used 252694K [0x00000000e0000000, 0x00000000f3f00000, 0x0000000100000000)
  eden space 247296K, 100% used [0x00000000e0000000,0x00000000ef180000,0x00000000ef180000)
  from space 16384K, 32% used [0x00000000ef180000,0x00000000ef6c5a08,0x00000000f0180000)
  to   space 16384K, 0% used [0x00000000f2f00000,0x00000000f2f00000,0x00000000f3f00000)
 ParOldGen       total 96256K, used 61090K [0x00000000a0000000, 0x00000000a5e00000, 0x00000000e0000000)
  object space 96256K, 63% used [0x00000000a0000000,0x00000000a3ba8a18,0x00000000a5e00000)
 Metaspace       used 73599K, capacity 76714K, committed 76928K, reserved 1116160K
  class space    used 9613K, capacity 10301K, committed 10368K, reserved 1048576K
Event: 2375.382 GC heap after
Heap after GC invocations=21 (full 3):
 PSYoungGen      total 295936K, used 6160K [0x00000000e0000000, 0x00000000f3780000, 0x0000000100000000)
  eden space 287232K, 0% used [0x00000000e0000000,0x00000000e0000000,0x00000000f1880000)
  from space 8704K, 70% used [0x00000000f2f00000,0x00000000f3504040,0x00000000f3780000)
  to   space 15872K, 0% used [0x00000000f1880000,0x00000000f1880000,0x00000000f2800000)
 ParOldGen       total 96256K, used 61098K [0x00000000a0000000, 0x00000000a5e00000, 0x00000000e0000000)
  object space 96256K, 63% used [0x00000000a0000000,0x00000000a3baaa18,0x00000000a5e00000)
 Metaspace       used 73599K, capacity 76714K, committed 76928K, reserved 1116160K
  class space    used 9613K, capacity 10301K, committed 10368K, reserved 1048576K
}
Event: 2459.729 GC heap before
{Heap before GC invocations=22 (full 3):
 PSYoungGen      total 295936K, used 293392K [0x00000000e0000000, 0x00000000f3780000, 0x0000000100000000)
  eden space 287232K, 100% used [0x00000000e0000000,0x00000000f1880000,0x00000000f1880000)
  from space 8704K, 70% used [0x00000000f2f00000,0x00000000f3504040,0x00000000f3780000)
  to   space 15872K, 0% used [0x00000000f1880000,0x00000000f1880000,0x00000000f2800000)
 ParOldGen       total 96256K, used 61098K [0x00000000a0000000, 0x00000000a5e00000, 0x00000000e0000000)
  object space 96256K, 63% used [0x00000000a0000000,0x00000000a3baaa18,0x00000000a5e00000)
 Metaspace       used 77004K, capacity 80395K, committed 80512K, reserved 1118208K
  class space    used 10053K, capacity 10790K, committed 10880K, reserved 1048576K
Event: 2459.776 GC heap after
Heap after GC invocations=22 (full 3):
 PSYoungGen      total 285184K, used 9631K [0x00000000e0000000, 0x00000000f2f80000, 0x0000000100000000)
  eden space 275456K, 0% used [0x00000000e0000000,0x00000000e0000000,0x00000000f0d00000)
  from space 9728K, 99% used [0x00000000f1880000,0x00000000f21e7d88,0x00000000f2200000)
  to   space 13824K, 0% used [0x00000000f2200000,0x00000000f2200000,0x00000000f2f80000)
 ParOldGen       total 96256K, used 61106K [0x00000000a0000000, 0x00000000a5e00000, 0x00000000e0000000)
  object space 96256K, 63% used [0x00000000a0000000,0x00000000a3baca18,0x00000000a5e00000)
 Metaspace       used 77004K, capacity 80395K, committed 80512K, reserved 1118208K
  class space    used 10053K, capacity 10790K, committed 10880K, reserved 1048576K
}
Event: 2475.027 GC heap before
{Heap before GC invocations=23 (full 3):
 PSYoungGen      total 285184K, used 284461K [0x00000000e0000000, 0x00000000f2f80000, 0x0000000100000000)
  eden space 275456K, 99% used [0x00000000e0000000,0x00000000f0c63928,0x00000000f0d00000)
  from space 9728K, 99% used [0x00000000f1880000,0x00000000f21e7d88,0x00000000f2200000)
  to   space 13824K, 0% used [0x00000000f2200000,0x00000000f2200000,0x00000000f2f80000)
 ParOldGen       total 96256K, used 61106K [0x00000000a0000000, 0x00000000a5e00000, 0x00000000e0000000)
  object space 96256K, 63% used [0x00000000a0000000,0x00000000a3baca18,0x00000000a5e00000)
 Metaspace       used 91055K, capacity 95405K, committed 95616K, reserved 1132544K
  class space    used 11680K, capacity 12587K, committed 12672K, reserved 1048576K
Event: 2475.172 GC heap after
Heap after GC invocations=23 (full 3):
 PSYoungGen      total 278016K, used 13808K [0x00000000e0000000, 0x00000000f3c00000, 0x0000000100000000)
  eden space 264192K, 0% used [0x00000000e0000000,0x00000000e0000000,0x00000000f0200000)
  from space 13824K, 99% used [0x00000000f2200000,0x00000000f2f7c120,0x00000000f2f80000)
  to   space 29696K, 0% used [0x00000000f0200000,0x00000000f0200000,0x00000000f1f00000)
 ParOldGen       total 96256K, used 95756K [0x00000000a0000000, 0x00000000a5e00000, 0x00000000e0000000)
  object space 96256K, 99% used [0x00000000a0000000,0x00000000a5d831f8,0x00000000a5e00000)
 Metaspace       used 91055K, capacity 95405K, committed 95616K, reserved 1132544K
  class space    used 11680K, capacity 12587K, committed 12672K, reserved 1048576K
}
Event: 2475.172 GC heap before
{Heap before GC invocations=24 (full 4):
 PSYoungGen      total 278016K, used 13808K [0x00000000e0000000, 0x00000000f3c00000, 0x0000000100000000)
  eden space 264192K, 0% used [0x00000000e0000000,0x00000000e0000000,0x00000000f0200000)
  from space 13824K, 99% used [0x00000000f2200000,0x00000000f2f7c120,0x00000000f2f80000)
  to   space 29696K, 0% used [0x00000000f0200000,0x00000000f0200000,0x00000000f1f00000)
 ParOldGen       total 96256K, used 95756K [0x00000000a0000000, 0x00000000a5e00000, 0x00000000e0000000)
  object space 96256K, 99% used [0x00000000a0000000,0x00000000a5d831f8,0x00000000a5e00000)
 Metaspace       used 91055K, capacity 95405K, committed 95616K, reserved 1132544K
  class space    used 11680K, capacity 12587K, committed 12672K, reserved 1048576K
Event: 2477.031 GC heap after
Heap after GC invocations=24 (full 4):
 PSYoungGen      total 278016K, used 0K [0x00000000e0000000, 0x00000000f3c00000, 0x0000000100000000)
  eden space 264192K, 0% used [0x00000000e0000000,0x00000000e0000000,0x00000000f0200000)
  from space 13824K, 0% used [0x00000000f2200000,0x00000000f2200000,0x00000000f2f80000)
  to   space 29696K, 0% used [0x00000000f0200000,0x00000000f0200000,0x00000000f1f00000)
 ParOldGen       total 96256K, used 76330K [0x00000000a0000000, 0x00000000a5e00000, 0x00000000e0000000)
  object space 96256K, 79% used [0x00000000a0000000,0x00000000a4a8aaf8,0x00000000a5e00000)
 Metaspace       used 90474K, capacity 94255K, committed 95616K, reserved 1132544K
  class space    used 11551K, capacity 12355K, committed 12672K, reserved 1048576K
}

Deoptimization events (10 events):
Event: 2477.712 Thread 0x00000000199fd800 Uncommon trap: reason=class_check action=maybe_recompile pc=0x000000000612ee50 method=com.android.tools.r8.dex.DexParser.cacheAt(ILjava/util/function/Supplier;)Ljava/lang/Object; @ 32
Event: 2477.713 Thread 0x00000000199fe800 Uncommon trap: reason=class_check action=maybe_recompile pc=0x000000000612ee50 method=com.android.tools.r8.dex.DexParser.cacheAt(ILjava/util/function/Supplier;)Ljava/lang/Object; @ 32
Event: 2477.753 Thread 0x00000000199fe800 Uncommon trap: reason=unstable_if action=reinterpret pc=0x00000000038fc8ac method=java.util.Arrays.hashCode([Ljava/lang/Object;)I @ 1
Event: 2477.753 Thread 0x00000000199fd800 Uncommon trap: reason=unstable_if action=reinterpret pc=0x00000000038fc8ac method=java.util.Arrays.hashCode([Ljava/lang/Object;)I @ 1
Event: 2477.754 Thread 0x00000000199fe800 Uncommon trap: reason=unstable_if action=reinterpret pc=0x000000000612ed44 method=com.android.tools.r8.dex.DexParser.cacheAt(ILjava/util/function/Supplier;)Ljava/lang/Object; @ 1
Event: 2477.766 Thread 0x00000000199fc000 Uncommon trap: reason=unstable_if action=reinterpret pc=0x0000000005f60fd8 method=java.util.concurrent.ForkJoinPool.tryCompensate(Ljava/util/concurrent/ForkJoinPool$WorkQueue;)Z @ 113
Event: 2477.783 Thread 0x00000000199fd000 Uncommon trap: reason=unstable_if action=reinterpret pc=0x000000000624683c method=com.android.tools.r8.it.unimi.dsi.fastutil.ints.Int2ObjectOpenHashMap.insert(ILjava/lang/Object;)I @ 1
Event: 2477.783 Thread 0x00000000199fd000 Uncommon trap: reason=unstable_if action=reinterpret pc=0x0000000005eeb24c method=com.android.tools.r8.it.unimi.dsi.fastutil.ints.Int2ObjectOpenHashMap.get(I)Ljava/lang/Object; @ 1
Event: 2477.785 Thread 0x00000000199fd000 Uncommon trap: reason=unstable_if action=reinterpret pc=0x0000000006a27f3c method=com.android.tools.r8.graph.DexString.slowCompareTo(Lcom/android/tools/r8/graph/DexString;)I @ 136
Event: 2477.980 Thread 0x00000000199fe800 Uncommon trap: reason=unloaded action=reinterpret pc=0x0000000005011a4c method=com.android.tools.r8.code.BaseInstructionFactory.create(IILcom/android/tools/r8/code/BytecodeStream;Lcom/android/tools/r8/graph/OffsetToObjectMapping;)Lcom/android/tools/r8/cod

Classes redefined (0 events):
No events

Internal exceptions (10 events):
Event: 2473.000 Thread 0x00000000199f8800 Exception <a 'sun/nio/fs/WindowsException'> (0x00000000eed6dad8) thrown at [D:\src\AOSP-openjdk-cygwin\jdk8u\hotspot\src\share\vm\prims\jni.cpp, line 709]
Event: 2473.009 Thread 0x00000000199f8800 Exception <a 'sun/nio/fs/WindowsException'> (0x00000000eed73250) thrown at [D:\src\AOSP-openjdk-cygwin\jdk8u\hotspot\src\share\vm\prims\jni.cpp, line 709]
Event: 2473.019 Thread 0x00000000199f7800 Exception <a 'sun/nio/fs/WindowsException'> (0x00000000eebfe890) thrown at [D:\src\AOSP-openjdk-cygwin\jdk8u\hotspot\src\share\vm\prims\jni.cpp, line 709]
Event: 2473.046 Thread 0x00000000199f7800 Exception <a 'sun/nio/fs/WindowsException'> (0x00000000eec04648) thrown at [D:\src\AOSP-openjdk-cygwin\jdk8u\hotspot\src\share\vm\prims\jni.cpp, line 709]
Event: 2473.048 Thread 0x00000000199f8800 Exception <a 'sun/nio/fs/WindowsException'> (0x00000000eed7a038) thrown at [D:\src\AOSP-openjdk-cygwin\jdk8u\hotspot\src\share\vm\prims\jni.cpp, line 709]
Event: 2473.060 Thread 0x00000000199f7800 Exception <a 'sun/nio/fs/WindowsException'> (0x00000000ef1893b0) thrown at [D:\src\AOSP-openjdk-cygwin\jdk8u\hotspot\src\share\vm\prims\jni.cpp, line 709]
Event: 2473.067 Thread 0x00000000199f7800 Exception <a 'sun/nio/fs/WindowsException'> (0x00000000ef18ef68) thrown at [D:\src\AOSP-openjdk-cygwin\jdk8u\hotspot\src\share\vm\prims\jni.cpp, line 709]
Event: 2474.994 Thread 0x00000000199fc000 Exception <a 'sun/nio/fs/WindowsException'> (0x00000000f0666398) thrown at [D:\src\AOSP-openjdk-cygwin\jdk8u\hotspot\src\share\vm\prims\jni.cpp, line 709]
Event: 2477.753 Thread 0x00000000199fe800 Implicit null exception at 0x00000000038fc7af to 0x00000000038fc89d
Event: 2477.753 Thread 0x00000000199fd800 Implicit null exception at 0x00000000038fc7af to 0x00000000038fc89d

Events (10 events):
Event: 2477.812 loading class com/android/tools/r8/it/unimi/dsi/fastutil/ints/Int2IntMap$FastEntrySet done
Event: 2477.813 loading class com/android/tools/r8/graph/DexCode$TryHandler$TypeAddrPair
Event: 2477.814 loading class com/android/tools/r8/graph/DexCode$TryHandler$TypeAddrPair done
Event: 2477.816 loading class com/android/tools/r8/graph/DexDebugEvent$RestartLocal
Event: 2477.816 loading class com/android/tools/r8/graph/DexDebugEvent$RestartLocal done
Event: 2477.817 loading class com/android/tools/r8/graph/DexDebugEvent$RestartLocal
Event: 2477.817 loading class com/android/tools/r8/graph/DexDebugEvent$RestartLocal done
Event: 2477.980 Thread 0x00000000199fe800 Uncommon trap: trap_request=0x000000db fr.pc=0x0000000005011a4c
Event: 2477.981 Thread 0x00000000199fe800 DEOPT PACKING pc=0x0000000005011a4c sp=0x000000002ebbe910
Event: 2477.981 Thread 0x00000000199fe800 DEOPT UNPACKING pc=0x000000000360557b sp=0x000000002ebbe8e0 mode 2


Dynamic libraries:
0x00007ff615160000 - 0x00007ff615191000 	G:\sdd\jre\bin\java.exe
0x00007ffaa7a80000 - 0x00007ffaa7c61000 	C:\WINDOWS\SYSTEM32\ntdll.dll
0x00007ffaa6c70000 - 0x00007ffaa6d21000 	C:\WINDOWS\System32\KERNEL32.DLL
0x00007ffaa4c90000 - 0x00007ffaa4f03000 	C:\WINDOWS\System32\KERNELBASE.dll
0x00007ffaa70c0000 - 0x00007ffaa7161000 	C:\WINDOWS\System32\ADVAPI32.dll
0x00007ffaa74e0000 - 0x00007ffaa757e000 	C:\WINDOWS\System32\msvcrt.dll
0x00007ffaa6d30000 - 0x00007ffaa6d8b000 	C:\WINDOWS\System32\sechost.dll
0x00007ffaa4fe0000 - 0x00007ffaa5104000 	C:\WINDOWS\System32\RPCRT4.dll
0x00007ffaa78c0000 - 0x00007ffaa7a50000 	C:\WINDOWS\System32\USER32.dll
0x00007ffaa4a20000 - 0x00007ffaa4a40000 	C:\WINDOWS\System32\win32u.dll
0x00007ffaa4fb0000 - 0x00007ffaa4fd8000 	C:\WINDOWS\System32\GDI32.dll
0x00007ffaa4610000 - 0x00007ffaa47a1000 	C:\WINDOWS\System32\gdi32full.dll
0x00007ffaa4aa0000 - 0x00007ffaa4b3f000 	C:\WINDOWS\System32\msvcp_win.dll
0x00007ffaa4b90000 - 0x00007ffaa4c88000 	C:\WINDOWS\System32\ucrtbase.dll
0x00007ffa99fb0000 - 0x00007ffa9a219000 	C:\WINDOWS\WinSxS\amd64_microsoft.windows.common-controls_6595b64144ccf1df_6.0.17134.829_none_fb46a5473061b9d5\COMCTL32.dll
0x00007ffaa6d90000 - 0x00007ffaa70b2000 	C:\WINDOWS\System32\combase.dll
0x00007ffaa47b0000 - 0x00007ffaa482a000 	C:\WINDOWS\System32\bcryptPrimitives.dll
0x00007ffaa5570000 - 0x00007ffaa559d000 	C:\WINDOWS\System32\IMM32.DLL
0x00000000570a0000 - 0x0000000057172000 	G:\sdd\jre\jre\bin\msvcr100.dll
0x0000000057480000 - 0x0000000057cc1000 	G:\sdd\jre\jre\bin\server\jvm.dll
0x00007ffaa74d0000 - 0x00007ffaa74d8000 	C:\WINDOWS\System32\PSAPI.DLL
0x00007ffa97e90000 - 0x00007ffa97eb3000 	C:\WINDOWS\SYSTEM32\WINMM.dll
0x00007ffa9ed60000 - 0x00007ffa9ed69000 	C:\WINDOWS\SYSTEM32\WSOCK32.dll
0x00007ffaa77a0000 - 0x00007ffaa780c000 	C:\WINDOWS\System32\WS2_32.dll
0x00007ffa9f710000 - 0x00007ffa9f71a000 	C:\WINDOWS\SYSTEM32\VERSION.dll
0x00007ffa97de0000 - 0x00007ffa97e0a000 	C:\WINDOWS\SYSTEM32\WINMMBASE.dll
0x00007ffaa4b40000 - 0x00007ffaa4b89000 	C:\WINDOWS\System32\cfgmgr32.dll
0x00007ffa96b40000 - 0x00007ffa96b4f000 	G:\sdd\jre\jre\bin\verify.dll
0x00007ffa93150000 - 0x00007ffa93179000 	G:\sdd\jre\jre\bin\java.dll
0x00007ffa93a30000 - 0x00007ffa93a46000 	G:\sdd\jre\jre\bin\zip.dll
0x00007ffaa5830000 - 0x00007ffaa6c70000 	C:\WINDOWS\System32\SHELL32.dll
0x00007ffaa7810000 - 0x00007ffaa78b9000 	C:\WINDOWS\System32\shcore.dll
0x00007ffaa3e50000 - 0x00007ffaa455d000 	C:\WINDOWS\System32\windows.storage.dll
0x00007ffaa7170000 - 0x00007ffaa71c1000 	C:\WINDOWS\System32\shlwapi.dll
0x00007ffaa3e10000 - 0x00007ffaa3e21000 	C:\WINDOWS\System32\kernel.appcore.dll
0x00007ffaa3da0000 - 0x00007ffaa3dbf000 	C:\WINDOWS\System32\profapi.dll
0x00007ffaa3dc0000 - 0x00007ffaa3e0c000 	C:\WINDOWS\System32\powrprof.dll
0x00007ffaa3d90000 - 0x00007ffaa3d9a000 	C:\WINDOWS\System32\FLTLIB.DLL
0x00007ffa902e0000 - 0x00007ffa902fa000 	G:\sdd\jre\jre\bin\net.dll
0x00007ffaa3610000 - 0x00007ffaa3676000 	C:\WINDOWS\system32\mswsock.dll
0x00007ffa902c0000 - 0x00007ffa902d1000 	G:\sdd\jre\jre\bin\nio.dll
0x00007ffa91990000 - 0x00007ffa919ae000 	C:\Users\美丽单\.gradle\native\25\windows-amd64\native-platform.dll
0x00007ffa96b30000 - 0x00007ffa96b3d000 	G:\sdd\jre\jre\bin\management.dll
0x00007ffaa37c0000 - 0x00007ffaa37d7000 	C:\WINDOWS\SYSTEM32\CRYPTSP.dll
0x00007ffaa3200000 - 0x00007ffaa3233000 	C:\WINDOWS\system32\rsaenh.dll
0x00007ffaa38f0000 - 0x00007ffaa3915000 	C:\WINDOWS\SYSTEM32\bcrypt.dll
0x00007ffaa3c90000 - 0x00007ffaa3cb8000 	C:\WINDOWS\SYSTEM32\USERENV.dll
0x00007ffaa37e0000 - 0x00007ffaa37eb000 	C:\WINDOWS\SYSTEM32\CRYPTBASE.dll
0x00007ffaa33a0000 - 0x00007ffaa33d8000 	C:\WINDOWS\SYSTEM32\IPHLPAPI.DLL
0x00007ffaa5110000 - 0x00007ffaa5118000 	C:\WINDOWS\System32\NSI.dll
0x00007ffa9ebd0000 - 0x00007ffa9ebe6000 	C:\WINDOWS\SYSTEM32\dhcpcsvc6.DLL
0x00007ffa9eb10000 - 0x00007ffa9eb2a000 	C:\WINDOWS\SYSTEM32\dhcpcsvc.DLL
0x00007ffa922d0000 - 0x00007ffa922ee000 	C:\Users\美丽单\AppData\Local\Temp\native-platform3405419338065415526dir\native-platform.dll

VM Arguments:
jvm_args: -Xmx1536m -Dfile.encoding=GBK -Duser.country=CN -Duser.language=zh -Duser.variant 
java_command: org.gradle.launcher.daemon.bootstrap.GradleDaemon 4.6
java_class_path (initial): C:\Users\美丽单\.gradle\wrapper\dists\gradle-4.6-all\bcst21l2brirad8k2ben1letg\gradle-4.6\lib\gradle-launcher-4.6.jar
Launcher Type: SUN_STANDARD

Environment Variables:
JAVA_HOME=F:\Program Files\Java\jdk1.8.0_181
PATH=F:\Program Files\Java\jdk1.8.0_181\bin;C:\Program Files (x86)\Common Files\Oracle\Java\javapath;C:\Program Files (x86)\Intel\iCLS Client\;C:\Program Files\Intel\iCLS Client\;C:\Windows\system32;C:\Windows;C:\Windows\System32\Wbem;C:\Windows\System32\WindowsPowerShell\v1.0\;C:\Program Files (x86)\NVIDIA Corporation\PhysX\Common;C:\Program Files (x86)\Intel\Intel(R) Management Engine Components\DAL;C:\Program Files\Intel\Intel(R) Management Engine Components\DAL;C:\Program Files (x86)\Intel\Intel(R) Management Engine Components\IPT;C:\Program Files\Intel\Intel(R) Management Engine Components\IPT;C:\WINDOWS\system32;C:\WINDOWS;C:\WINDOWS\System32\Wbem;C:\WINDOWS\System32\WindowsPowerShell\v1.0\;C:\WINDOWS\System32\OpenSSH\;F:\shujuku\bin;D:\tools\AndroidStudioSDK\platform-tools;D:\tools\AndroidStudioSDK\tools;E:\新建文件夹\dnplayer2;;D:\apache-tomcat-9.0.16;D:\tools\AndroidStudioSDK\ndk-bundle;F:\Git\cmd;C:\Users\美丽单\AppData\Local\Microsoft\WindowsApps;E:\新建文件夹\dnplayer2;;C:\Users\美丽单\AppData\Local\Programs\Fiddler
USERNAME=Shan
OS=Windows_NT
PROCESSOR_IDENTIFIER=Intel64 Family 6 Model 158 Stepping 9, GenuineIntel



---------------  S Y S T E M  ---------------

OS: Windows 10.0 , 64 bit Build 17134 (10.0.17134.753)

CPU:total 4 (initial active 4) (4 cores per cpu, 1 threads per core) family 6 model 158 stepping 9, cmov, cx8, fxsr, mmx, sse, sse2, sse3, ssse3, sse4.1, sse4.2, popcnt, avx, avx2, aes, clmul, erms, 3dnowpref, lzcnt, tsc, tscinvbit, bmi1, bmi2, adx

Memory: 4k page, physical 8260772k(221904k free), swap 15862304k(4960k free)

vm_info: OpenJDK 64-Bit Server VM (25.152-b01) for windows-amd64 JRE (1.8.0_152-release-1248-b01), built by "builder" with MS VC++ 10.0 (VS2010)

time: Fri Jun 14 21:01:11 2019
elapsed time: 2478 seconds (0d 0h 41m 18s)

